<?xml version="1.0" encoding="UTF-8"?>
<!-- Generated by org.testng.reporters.JUnitReportReporter -->
<testsuite hostname="DESKTOP-4VQABCR" failures="0" tests="1" name="TestRunner.testRun" time="13.195" errors="0" timestamp="2025-02-18T13:23:54 IST" skipped="0">
  <testcase classname="TestRunner.testRun" name="runScenario" time="13.195"/>
</testsuite> <!-- TestRunner.testRun -->
